----------------------------------------------------------
07.09.2023 03:09:23
Request URI: 
D:\projects\php\basename\installation\scripts\gensql.php
line: 269
ob_flush(): Failed to flush buffer. No buffer to flush

------------------
D:\projects\php\basename\installation\scripts\gensql.php
line: 269
ob_flush()
----------------------------------------------------------


----------------------------------------------------------
07.09.2023 03:09:23
Request URI: 
D:\projects\php\basename\installation\scripts\gensql.php
line: 273
ob_flush(): Failed to flush buffer. No buffer to flush

------------------
D:\projects\php\basename\installation\scripts\gensql.php
line: 273
ob_flush()
----------------------------------------------------------


----------------------------------------------------------
07.09.2023 03:09:23
Request URI: 
D:\projects\php\basename\installation\scripts\gensql.php
line: 285
ob_flush(): Failed to flush buffer. No buffer to flush

------------------
D:\projects\php\basename\installation\scripts\gensql.php
line: 285
ob_flush()
----------------------------------------------------------


----------------------------------------------------------
07.09.2023 03:09:23
Request URI: 
D:\projects\php\basename\installation\scripts\gensql.php
line: 298
ob_flush(): Failed to flush buffer. No buffer to flush

------------------
D:\projects\php\basename\installation\scripts\gensql.php
line: 298
ob_flush()
----------------------------------------------------------


----------------------------------------------------------
07.09.2023 03:09:23
Request URI: 
D:\projects\php\basename\installation\scripts\gensql.php
line: 306
ob_flush(): Failed to flush buffer. No buffer to flush

------------------
D:\projects\php\basename\installation\scripts\gensql.php
line: 306
ob_flush()
----------------------------------------------------------


----------------------------------------------------------
07.09.2023 03:09:23
Request URI: 
D:\projects\php\basename\installation\scripts\gensql.php
line: 317
ob_flush(): Failed to flush buffer. No buffer to flush

------------------
D:\projects\php\basename\installation\scripts\gensql.php
line: 317
ob_flush()
----------------------------------------------------------


----------------------------------------------------------
07.09.2023 03:09:23
Request URI: 
D:\projects\php\basename\installation\scripts\gensql.php
line: 269
ob_flush(): Failed to flush buffer. No buffer to flush

------------------
D:\projects\php\basename\installation\scripts\gensql.php
line: 269
ob_flush()
----------------------------------------------------------


----------------------------------------------------------
07.09.2023 03:09:23
Request URI: 
D:\projects\php\basename\installation\scripts\gensql.php
line: 273
ob_flush(): Failed to flush buffer. No buffer to flush

------------------
D:\projects\php\basename\installation\scripts\gensql.php
line: 273
ob_flush()
----------------------------------------------------------


----------------------------------------------------------
07.09.2023 03:09:23
Request URI: 
D:\projects\php\basename\installation\scripts\gensql.php
line: 285
ob_flush(): Failed to flush buffer. No buffer to flush

------------------
D:\projects\php\basename\installation\scripts\gensql.php
line: 285
ob_flush()
----------------------------------------------------------


----------------------------------------------------------
07.09.2023 03:09:23
Request URI: 
D:\projects\php\basename\installation\scripts\gensql.php
line: 298
ob_flush(): Failed to flush buffer. No buffer to flush

------------------
D:\projects\php\basename\installation\scripts\gensql.php
line: 298
ob_flush()
----------------------------------------------------------


----------------------------------------------------------
07.09.2023 03:09:23
Request URI: 
D:\projects\php\basename\installation\scripts\gensql.php
line: 306
ob_flush(): Failed to flush buffer. No buffer to flush

------------------
D:\projects\php\basename\installation\scripts\gensql.php
line: 306
ob_flush()
----------------------------------------------------------


----------------------------------------------------------
07.09.2023 03:09:23
Request URI: 
D:\projects\php\basename\installation\scripts\gensql.php
line: 317
ob_flush(): Failed to flush buffer. No buffer to flush

------------------
D:\projects\php\basename\installation\scripts\gensql.php
line: 317
ob_flush()
----------------------------------------------------------


----------------------------------------------------------
07.09.2023 03:10:12
Request URI: 
D:\projects\php\basename\installation\scripts\gensql.php
line: 269
ob_flush(): Failed to flush buffer. No buffer to flush

------------------
D:\projects\php\basename\installation\scripts\gensql.php
line: 269
ob_flush()
----------------------------------------------------------


----------------------------------------------------------
07.09.2023 03:10:12
Request URI: 
D:\projects\php\basename\installation\scripts\gensql.php
line: 273
ob_flush(): Failed to flush buffer. No buffer to flush

------------------
D:\projects\php\basename\installation\scripts\gensql.php
line: 273
ob_flush()
----------------------------------------------------------


----------------------------------------------------------
07.09.2023 03:10:12
Request URI: 
D:\projects\php\basename\installation\scripts\gensql.php
line: 285
ob_flush(): Failed to flush buffer. No buffer to flush

------------------
D:\projects\php\basename\installation\scripts\gensql.php
line: 285
ob_flush()
----------------------------------------------------------


----------------------------------------------------------
07.09.2023 03:10:12
Request URI: 
D:\projects\php\basename\installation\scripts\gensql.php
line: 298
ob_flush(): Failed to flush buffer. No buffer to flush

------------------
D:\projects\php\basename\installation\scripts\gensql.php
line: 298
ob_flush()
----------------------------------------------------------


----------------------------------------------------------
07.09.2023 03:10:12
Request URI: 
D:\projects\php\basename\installation\scripts\gensql.php
line: 306
ob_flush(): Failed to flush buffer. No buffer to flush

------------------
D:\projects\php\basename\installation\scripts\gensql.php
line: 306
ob_flush()
----------------------------------------------------------


----------------------------------------------------------
07.09.2023 03:10:12
Request URI: 
D:\projects\php\basename\installation\scripts\gensql.php
line: 317
ob_flush(): Failed to flush buffer. No buffer to flush

------------------
D:\projects\php\basename\installation\scripts\gensql.php
line: 317
ob_flush()
----------------------------------------------------------


----------------------------------------------------------
07.09.2023 03:10:12
Request URI: 
D:\projects\php\basename\installation\scripts\gensql.php
line: 269
ob_flush(): Failed to flush buffer. No buffer to flush

------------------
D:\projects\php\basename\installation\scripts\gensql.php
line: 269
ob_flush()
----------------------------------------------------------


----------------------------------------------------------
07.09.2023 03:10:12
Request URI: 
D:\projects\php\basename\installation\scripts\gensql.php
line: 273
ob_flush(): Failed to flush buffer. No buffer to flush

------------------
D:\projects\php\basename\installation\scripts\gensql.php
line: 273
ob_flush()
----------------------------------------------------------


----------------------------------------------------------
07.09.2023 03:10:12
Request URI: 
D:\projects\php\basename\installation\scripts\gensql.php
line: 285
ob_flush(): Failed to flush buffer. No buffer to flush

------------------
D:\projects\php\basename\installation\scripts\gensql.php
line: 285
ob_flush()
----------------------------------------------------------


----------------------------------------------------------
07.09.2023 03:10:12
Request URI: 
D:\projects\php\basename\installation\scripts\gensql.php
line: 298
ob_flush(): Failed to flush buffer. No buffer to flush

------------------
D:\projects\php\basename\installation\scripts\gensql.php
line: 298
ob_flush()
----------------------------------------------------------


----------------------------------------------------------
07.09.2023 03:10:12
Request URI: 
D:\projects\php\basename\installation\scripts\gensql.php
line: 306
ob_flush(): Failed to flush buffer. No buffer to flush

------------------
D:\projects\php\basename\installation\scripts\gensql.php
line: 306
ob_flush()
----------------------------------------------------------


----------------------------------------------------------
07.09.2023 03:10:12
Request URI: 
D:\projects\php\basename\installation\scripts\gensql.php
line: 317
ob_flush(): Failed to flush buffer. No buffer to flush

------------------
D:\projects\php\basename\installation\scripts\gensql.php
line: 317
ob_flush()
----------------------------------------------------------


----------------------------------------------------------
07.09.2023 03:11:10
Request URI: 
D:\projects\php\basename\installation\scripts\gensql.php
line: 269
ob_flush(): Failed to flush buffer. No buffer to flush

------------------
D:\projects\php\basename\installation\scripts\gensql.php
line: 269
ob_flush()
----------------------------------------------------------


----------------------------------------------------------
07.09.2023 03:11:10
Request URI: 
D:\projects\php\basename\installation\scripts\gensql.php
line: 273
ob_flush(): Failed to flush buffer. No buffer to flush

------------------
D:\projects\php\basename\installation\scripts\gensql.php
line: 273
ob_flush()
----------------------------------------------------------


----------------------------------------------------------
07.09.2023 03:11:10
Request URI: 
D:\projects\php\basename\installation\scripts\gensql.php
line: 285
ob_flush(): Failed to flush buffer. No buffer to flush

------------------
D:\projects\php\basename\installation\scripts\gensql.php
line: 285
ob_flush()
----------------------------------------------------------


----------------------------------------------------------
07.09.2023 03:11:10
Request URI: 
D:\projects\php\basename\installation\scripts\gensql.php
line: 298
ob_flush(): Failed to flush buffer. No buffer to flush

------------------
D:\projects\php\basename\installation\scripts\gensql.php
line: 298
ob_flush()
----------------------------------------------------------


----------------------------------------------------------
07.09.2023 03:11:10
Request URI: 
D:\projects\php\basename\installation\scripts\gensql.php
line: 306
ob_flush(): Failed to flush buffer. No buffer to flush

------------------
D:\projects\php\basename\installation\scripts\gensql.php
line: 306
ob_flush()
----------------------------------------------------------


----------------------------------------------------------
07.09.2023 03:11:10
Request URI: 
D:\projects\php\basename\installation\scripts\gensql.php
line: 317
ob_flush(): Failed to flush buffer. No buffer to flush

------------------
D:\projects\php\basename\installation\scripts\gensql.php
line: 317
ob_flush()
----------------------------------------------------------


----------------------------------------------------------
07.09.2023 03:11:10
Request URI: 
D:\projects\php\basename\installation\scripts\gensql.php
line: 269
ob_flush(): Failed to flush buffer. No buffer to flush

------------------
D:\projects\php\basename\installation\scripts\gensql.php
line: 269
ob_flush()
----------------------------------------------------------


----------------------------------------------------------
07.09.2023 03:11:10
Request URI: 
D:\projects\php\basename\installation\scripts\gensql.php
line: 273
ob_flush(): Failed to flush buffer. No buffer to flush

------------------
D:\projects\php\basename\installation\scripts\gensql.php
line: 273
ob_flush()
----------------------------------------------------------


----------------------------------------------------------
07.09.2023 03:11:10
Request URI: 
D:\projects\php\basename\installation\scripts\gensql.php
line: 285
ob_flush(): Failed to flush buffer. No buffer to flush

------------------
D:\projects\php\basename\installation\scripts\gensql.php
line: 285
ob_flush()
----------------------------------------------------------


----------------------------------------------------------
07.09.2023 03:11:10
Request URI: 
D:\projects\php\basename\installation\scripts\gensql.php
line: 298
ob_flush(): Failed to flush buffer. No buffer to flush

------------------
D:\projects\php\basename\installation\scripts\gensql.php
line: 298
ob_flush()
----------------------------------------------------------


----------------------------------------------------------
07.09.2023 03:11:10
Request URI: 
D:\projects\php\basename\installation\scripts\gensql.php
line: 306
ob_flush(): Failed to flush buffer. No buffer to flush

------------------
D:\projects\php\basename\installation\scripts\gensql.php
line: 306
ob_flush()
----------------------------------------------------------


----------------------------------------------------------
07.09.2023 03:11:10
Request URI: 
D:\projects\php\basename\installation\scripts\gensql.php
line: 317
ob_flush(): Failed to flush buffer. No buffer to flush

------------------
D:\projects\php\basename\installation\scripts\gensql.php
line: 317
ob_flush()
----------------------------------------------------------


